{"numFailedTestSuites":0,"numFailedTests":0,"numPassedTestSuites":1,"numPassedTests":2,"numPendingTestSuites":0,"numPendingTests":0,"numRuntimeErrorTestSuites":0,"numTodoTests":0,"numTotalTestSuites":1,"numTotalTests":2,"openHandles":[],"snapshot":{"added":0,"didUpdate":false,"failure":false,"filesAdded":0,"filesRemoved":0,"filesRemovedList":[],"filesUnmatched":0,"filesUpdated":0,"matched":0,"total":0,"unchecked":0,"uncheckedKeysByFile":[],"unmatched":0,"updated":0},"startTime":1755685396375,"success":true,"testResults":[{"assertionResults":[{"ancestorTitles":["AIFloatingButton"],"failureMessages":[],"fullName":"AIFloatingButton renders the button","location":null,"status":"passed","title":"renders the button"},{"ancestorTitles":["AIFloatingButton"],"failureMessages":[],"fullName":"AIFloatingButton dispatches toggleChat action on click","location":null,"status":"passed","title":"dispatches toggleChat action on click"}],"endTime":1755685405522,"message":"","name":"/app/src/components/AI/AIFloatingButton.test.tsx","startTime":1755685397473,"status":"passed","summary":""}],"wasInterrupted":false}